<?xml version="1.0" encoding="UTF-8"?>
<robot generator="Robot 4.1.3 (Python 3.10.2 on win32)" generated="20220426 17:03:55.724" rpa="false" schemaversion="2">
<suite id="s1" name="Formulario" source="c:\qaninja\resources\data\Formulario.robot">
<test id="s1-t1" name="Estando logado no Parodify, vamos escolher a nossa musica favorita">
<kw name="Dado que estou na pagina de Login do parodify" library="Base">
<kw name="Open Browser" library="Selenium2Library">
<arg>${URL}</arg>
<arg>edge</arg>
<doc>Opens a new browser instance to the optional ``url``.</doc>
<msg timestamp="20220426 17:03:56.091" level="INFO">Opening browser 'edge' to base url 'https://parodify.herokuapp.com/users/sign_up'.</msg>
<status status="PASS" starttime="20220426 17:03:56.090" endtime="20220426 17:04:07.298"/>
</kw>
<status status="PASS" starttime="20220426 17:03:56.090" endtime="20220426 17:04:07.298"/>
</kw>
<kw name="E clico no botao Login" library="Base">
<kw name="Click Element" library="Selenium2Library">
<arg>${pagina_login}</arg>
<doc>Click the element identified by ``locator``.</doc>
<msg timestamp="20220426 17:04:07.302" level="INFO">Clicking element '//a[@class='button is-pulled-right is-outlined is-white']'.</msg>
<status status="PASS" starttime="20220426 17:04:07.301" endtime="20220426 17:04:07.397"/>
</kw>
<kw name="Sleep" library="BuiltIn">
<arg>4s</arg>
<doc>Pauses the test executed for the given time.</doc>
<msg timestamp="20220426 17:04:11.402" level="INFO">Slept 4 seconds</msg>
<status status="PASS" starttime="20220426 17:04:07.397" endtime="20220426 17:04:11.402"/>
</kw>
<status status="PASS" starttime="20220426 17:04:07.299" endtime="20220426 17:04:11.402"/>
</kw>
<kw name="E preencho o campo email com &quot;teste1@gmail.com&quot;" library="Base" sourcename="E preencho o campo email com &quot;${email}&quot;">
<kw name="Input Text" library="Selenium2Library">
<arg>${login_input_email}</arg>
<arg>${email}</arg>
<doc>Types the given ``text`` into the text field identified by ``locator``.</doc>
<msg timestamp="20220426 17:04:11.405" level="INFO">Typing text 'teste1@gmail.com' into text field '//input[@id='user_email']'.</msg>
<status status="PASS" starttime="20220426 17:04:11.404" endtime="20220426 17:04:11.567"/>
</kw>
<status status="PASS" starttime="20220426 17:04:11.403" endtime="20220426 17:04:11.567"/>
</kw>
<kw name="E preencho o campo senha com &quot;123456&quot;" library="Base" sourcename="E preencho o campo senha com &quot;${senha}&quot;">
<kw name="Sleep" library="BuiltIn">
<arg>2s</arg>
<doc>Pauses the test executed for the given time.</doc>
<msg timestamp="20220426 17:04:13.579" level="INFO">Slept 2 seconds</msg>
<status status="PASS" starttime="20220426 17:04:11.569" endtime="20220426 17:04:13.579"/>
</kw>
<kw name="Input Text" library="Selenium2Library">
<arg>${login_input_senha}</arg>
<arg>${senha}</arg>
<doc>Types the given ``text`` into the text field identified by ``locator``.</doc>
<msg timestamp="20220426 17:04:13.580" level="INFO">Typing text '123456' into text field '//input[@id='user_password']'.</msg>
<status status="PASS" starttime="20220426 17:04:13.579" endtime="20220426 17:04:13.711"/>
</kw>
<status status="PASS" starttime="20220426 17:04:11.568" endtime="20220426 17:04:13.712"/>
</kw>
<kw name="Quando clico no botao Login" library="Base">
<kw name="Click Element" library="Selenium2Library">
<arg>${botao_login}</arg>
<doc>Click the element identified by ``locator``.</doc>
<msg timestamp="20220426 17:04:13.714" level="INFO">Clicking element '//input[@name='commit']'.</msg>
<status status="PASS" starttime="20220426 17:04:13.714" endtime="20220426 17:04:15.026"/>
</kw>
<status status="PASS" starttime="20220426 17:04:13.713" endtime="20220426 17:04:15.027"/>
</kw>
<kw name="Entao consigo entrar no sistema com sucesso!!!" library="Base">
<kw name="Get Text" library="Selenium2Library">
<var>${titulo_paginaInicial}</var>
<arg>${Verifica_titulo}</arg>
<doc>Returns the text value of the element identified by ``locator``.</doc>
<msg timestamp="20220426 17:04:15.072" level="INFO">${titulo_paginaInicial} = Tocadas Recentemente</msg>
<status status="PASS" starttime="20220426 17:04:15.030" endtime="20220426 17:04:15.072"/>
</kw>
<kw name="Should Be Equal" library="BuiltIn">
<arg>${Titulo}</arg>
<arg>${titulo_paginaInicial}</arg>
<doc>Fails if the given objects are unequal.</doc>
<status status="PASS" starttime="20220426 17:04:15.072" endtime="20220426 17:04:15.073"/>
</kw>
<status status="PASS" starttime="20220426 17:04:15.028" endtime="20220426 17:04:15.073"/>
</kw>
<kw name="Bom iremos pesquisar a nossa musica favorita no parodify" library="Base">
<kw name="Click Element" library="Selenium2Library">
<arg>${botao_pesquisar}</arg>
<doc>Click the element identified by ``locator``.</doc>
<msg timestamp="20220426 17:04:15.075" level="INFO">Clicking element '//i[@class='fa fa-search fa-lg']'.</msg>
<status status="PASS" starttime="20220426 17:04:15.075" endtime="20220426 17:04:15.165"/>
</kw>
<kw name="Sleep" library="BuiltIn">
<arg>2s</arg>
<doc>Pauses the test executed for the given time.</doc>
<msg timestamp="20220426 17:04:17.180" level="INFO">Slept 2 seconds</msg>
<status status="PASS" starttime="20220426 17:04:15.165" endtime="20220426 17:04:17.180"/>
</kw>
<status status="PASS" starttime="20220426 17:04:15.074" endtime="20220426 17:04:17.181"/>
</kw>
<kw name="Vamos pesquisar pelo nome da musica &quot;Sprints de Luta Sprints de Gloria&quot;" library="Base" sourcename="Vamos pesquisar pelo nome da musica &quot;${nome_musica}&quot;">
<kw name="Input Text" library="Selenium2Library">
<arg>${campo_pesquisa}</arg>
<arg>${nome_musica}</arg>
<doc>Types the given ``text`` into the text field identified by ``locator``.</doc>
<msg timestamp="20220426 17:04:17.186" level="INFO">Typing text 'Sprints de Luta Sprints de Gloria' into text field '//input[@id='search']'.</msg>
<status status="PASS" starttime="20220426 17:04:17.185" endtime="20220426 17:04:17.391"/>
</kw>
<kw name="Sleep" library="BuiltIn">
<arg>3s</arg>
<doc>Pauses the test executed for the given time.</doc>
<msg timestamp="20220426 17:04:20.405" level="INFO">Slept 3 seconds</msg>
<status status="PASS" starttime="20220426 17:04:17.391" endtime="20220426 17:04:20.405"/>
</kw>
<kw name="Click Element" library="Selenium2Library">
<arg>${realizar_pesquisa}</arg>
<doc>Click the element identified by ``locator``.</doc>
<msg timestamp="20220426 17:04:20.406" level="INFO">Clicking element '//input[@id='search']'.</msg>
<status status="PASS" starttime="20220426 17:04:20.405" endtime="20220426 17:04:20.457"/>
</kw>
<kw name="Sleep" library="BuiltIn">
<arg>5s</arg>
<doc>Pauses the test executed for the given time.</doc>
<msg timestamp="20220426 17:04:25.463" level="INFO">Slept 5 seconds</msg>
<status status="PASS" starttime="20220426 17:04:20.457" endtime="20220426 17:04:25.464"/>
</kw>
<status status="PASS" starttime="20220426 17:04:17.183" endtime="20220426 17:04:25.464"/>
</kw>
<kw name="Agora precisamos verificar se é a nossa musica favorita :D" library="Base">
<kw name="Sleep" library="BuiltIn">
<arg>3s</arg>
<doc>Pauses the test executed for the given time.</doc>
<msg timestamp="20220426 17:04:28.482" level="INFO">Slept 3 seconds</msg>
<status status="PASS" starttime="20220426 17:04:25.469" endtime="20220426 17:04:28.482"/>
</kw>
<kw name="Sleep" library="BuiltIn">
<arg>5s</arg>
<doc>Pauses the test executed for the given time.</doc>
<msg timestamp="20220426 17:04:33.492" level="INFO">Slept 5 seconds</msg>
<status status="PASS" starttime="20220426 17:04:28.482" endtime="20220426 17:04:33.492"/>
</kw>
<status status="PASS" starttime="20220426 17:04:25.467" endtime="20220426 17:04:33.492"/>
</kw>
<status status="PASS" starttime="20220426 17:03:56.089" endtime="20220426 17:04:33.495"/>
</test>
<doc>Testando a pagina login</doc>
<status status="PASS" starttime="20220426 17:03:55.726" endtime="20220426 17:04:33.501"/>
</suite>
<statistics>
<total>
<stat pass="1" fail="0" skip="0">All Tests</stat>
</total>
<tag>
</tag>
<suite>
<stat pass="1" fail="0" skip="0" id="s1" name="Formulario">Formulario</stat>
</suite>
</statistics>
<errors>
</errors>
</robot>
